<?xml version="1.0" encoding="UTF-8"?>
<!-- Generated by org.testng.reporters.JUnitXMLReporter -->
<testsuite ignored="8" hostname="Deshan" failures="4" tests="5" name="Test" time="15.397" errors="0" timestamp="09 Jun 2021 17:19:13 GMT">
  <testcase classname="com.qa.listeners_extentreports.tests.SelectPage_Test" name="selectUI" time="0.023">
    <failure type="java.lang.NullPointerException" message="Cannot invoke &amp;quot;com.qa.listeners_extentreports.pages.SelectPage.selectUI()&amp;quot; because &amp;quot;this.uiPage3&amp;quot; is null">
      <![CDATA[java.lang.NullPointerException: Cannot invoke "com.qa.listeners_extentreports.pages.SelectPage.selectUI()" because "this.uiPage3" is null
at com.qa.listeners_extentreports.tests.SelectPage_Test.selectUI(SelectPage_Test.java:32)
... Removed 25 stack frames]]>
    </failure>
  </testcase> <!-- selectUI -->
  <testcase classname="com.qa.listeners_extentreports.tests.LoginPage_Test" name="loginTest" time="1.771"/>
  <testcase classname="com.qa.listeners_extentreports.tests.HomePage_Test" name="homePageTest" time="0.002">
    <failure type="java.lang.NullPointerException">
      <![CDATA[java.lang.NullPointerException
at java.base/java.util.Objects.requireNonNull(Objects.java:208)
at org.openqa.selenium.interactions.Actions.<init>(Actions.java:65)
at com.qa.listeners_extentreports.utils.ElementUtil.<init>(ElementUtil.java:35)
at com.qa.listeners_extentreports.pages.HomePage.<init>(HomePage.java:26)
at com.qa.listeners_extentreports.tests.HomePage_Test.homePageTest(HomePage_Test.java:24)
... Removed 25 stack frames]]>
    </failure>
  </testcase> <!-- homePageTest -->
  <testcase classname="com.qa.listeners_extentreports.tests.InputPage_Test" name="inputTest" time="0.005">
    <failure type="java.lang.NullPointerException" message="Cannot invoke &amp;quot;com.qa.listeners_extentreports.pages.InputPage.inputUI()&amp;quot; because &amp;quot;this.uiPage&amp;quot; is null">
      <![CDATA[java.lang.NullPointerException: Cannot invoke "com.qa.listeners_extentreports.pages.InputPage.inputUI()" because "this.uiPage" is null
at com.qa.listeners_extentreports.tests.InputPage_Test.inputTest(InputPage_Test.java:29)
... Removed 25 stack frames]]>
    </failure>
  </testcase> <!-- inputTest -->
  <testcase classname="com.qa.listeners_extentreports.tests.ButtonPage_Test" name="buttonTest" time="0.003">
    <failure type="java.lang.NullPointerException" message="Cannot invoke &amp;quot;com.qa.listeners_extentreports.pages.ButtonPage.buttonUI()&amp;quot; because &amp;quot;this.uiPage2&amp;quot; is null">
      <![CDATA[java.lang.NullPointerException: Cannot invoke "com.qa.listeners_extentreports.pages.ButtonPage.buttonUI()" because "this.uiPage2" is null
at com.qa.listeners_extentreports.tests.ButtonPage_Test.buttonTest(ButtonPage_Test.java:33)
... Removed 25 stack frames]]>
    </failure>
  </testcase> <!-- buttonTest -->
  <testcase classname="com.qa.listeners_extentreports.base.BaseTest" name="@BeforeTest setUp" time="0.0">
    <ignored/>
  </testcase> <!-- @BeforeTest setUp -->
  <testcase classname="com.qa.listeners_extentreports.base.BaseTest" name="@BeforeTest setUp" time="0.0">
    <ignored/>
  </testcase> <!-- @BeforeTest setUp -->
  <testcase classname="com.qa.listeners_extentreports.base.BaseTest" name="@BeforeTest setUp" time="0.0">
    <ignored/>
  </testcase> <!-- @BeforeTest setUp -->
  <testcase classname="com.qa.listeners_extentreports.base.BaseTest" name="@BeforeTest setUp" time="0.0">
    <ignored/>
  </testcase> <!-- @BeforeTest setUp -->
  <testcase classname="com.qa.listeners_extentreports.base.BaseTest" name="@AfterTest tearDown" time="0.0">
    <ignored/>
  </testcase> <!-- @AfterTest tearDown -->
  <testcase classname="com.qa.listeners_extentreports.base.BaseTest" name="@AfterTest tearDown" time="0.0">
    <ignored/>
  </testcase> <!-- @AfterTest tearDown -->
  <testcase classname="com.qa.listeners_extentreports.base.BaseTest" name="@AfterTest tearDown" time="0.0">
    <ignored/>
  </testcase> <!-- @AfterTest tearDown -->
  <testcase classname="com.qa.listeners_extentreports.base.BaseTest" name="@AfterTest tearDown" time="0.0">
    <ignored/>
  </testcase> <!-- @AfterTest tearDown -->
</testsuite> <!-- Test -->
