<?xml version="1.0" encoding="UTF-8"?>
<!-- Generated by org.testng.reporters.JUnitXMLReporter -->
<testsuite ignored="8" hostname="Deshan" failures="4" tests="5" name="Test" time="14.02" errors="0" timestamp="09 Jun 2021 17:27:11 GMT">
  <testcase classname="com.qa.listeners_extentreports.tests.SelectPage_Test" name="selectUI" time="0.008">
    <failure type="java.lang.NullPointerException" message="Cannot invoke &amp;quot;com.qa.listeners_extentreports.pages.SelectPage.selectUI()&amp;quot; because &amp;quot;this.uiPage3&amp;quot; is null">
      <![CDATA[java.lang.NullPointerException: Cannot invoke "com.qa.listeners_extentreports.pages.SelectPage.selectUI()" because "this.uiPage3" is null
at com.qa.listeners_extentreports.tests.SelectPage_Test.selectUI(SelectPage_Test.java:32)
... Removed 28 stack frames]]>
    </failure>
  </testcase> <!-- selectUI -->
  <testcase classname="com.qa.listeners_extentreports.tests.LoginPage_Test" name="loginTest" time="1.854"/>
  <testcase classname="com.qa.listeners_extentreports.tests.HomePage_Test" name="homePageTest" time="0.001">
    <failure type="java.lang.NullPointerException" message="Cannot invoke &amp;quot;com.qa.listeners_extentreports.pages.HomePage.doPractice()&amp;quot; because &amp;quot;this.homePage&amp;quot; is null">
      <![CDATA[java.lang.NullPointerException: Cannot invoke "com.qa.listeners_extentreports.pages.HomePage.doPractice()" because "this.homePage" is null
at com.qa.listeners_extentreports.tests.HomePage_Test.homePageTest(HomePage_Test.java:27)
... Removed 28 stack frames]]>
    </failure>
  </testcase> <!-- homePageTest -->
  <testcase classname="com.qa.listeners_extentreports.tests.InputPage_Test" name="inputTest" time="0.002">
    <failure type="java.lang.NullPointerException" message="Cannot invoke &amp;quot;com.qa.listeners_extentreports.pages.InputPage.inputUI()&amp;quot; because &amp;quot;this.uiPage&amp;quot; is null">
      <![CDATA[java.lang.NullPointerException: Cannot invoke "com.qa.listeners_extentreports.pages.InputPage.inputUI()" because "this.uiPage" is null
at com.qa.listeners_extentreports.tests.InputPage_Test.inputTest(InputPage_Test.java:29)
... Removed 28 stack frames]]>
    </failure>
  </testcase> <!-- inputTest -->
  <testcase classname="com.qa.listeners_extentreports.tests.ButtonPage_Test" name="buttonTest" time="0.003">
    <failure type="java.lang.NullPointerException" message="Cannot invoke &amp;quot;com.qa.listeners_extentreports.pages.ButtonPage.buttonUI()&amp;quot; because &amp;quot;this.uiPage2&amp;quot; is null">
      <![CDATA[java.lang.NullPointerException: Cannot invoke "com.qa.listeners_extentreports.pages.ButtonPage.buttonUI()" because "this.uiPage2" is null
at com.qa.listeners_extentreports.tests.ButtonPage_Test.buttonTest(ButtonPage_Test.java:33)
... Removed 28 stack frames]]>
    </failure>
  </testcase> <!-- buttonTest -->
  <testcase classname="com.qa.listeners_extentreports.base.BaseTest" name="@BeforeTest setUp" time="0.0">
    <ignored/>
  </testcase> <!-- @BeforeTest setUp -->
  <testcase classname="com.qa.listeners_extentreports.base.BaseTest" name="@BeforeTest setUp" time="0.0">
    <ignored/>
  </testcase> <!-- @BeforeTest setUp -->
  <testcase classname="com.qa.listeners_extentreports.base.BaseTest" name="@BeforeTest setUp" time="0.0">
    <ignored/>
  </testcase> <!-- @BeforeTest setUp -->
  <testcase classname="com.qa.listeners_extentreports.base.BaseTest" name="@BeforeTest setUp" time="0.0">
    <ignored/>
  </testcase> <!-- @BeforeTest setUp -->
  <testcase classname="com.qa.listeners_extentreports.base.BaseTest" name="@AfterTest tearDown" time="0.0">
    <ignored/>
  </testcase> <!-- @AfterTest tearDown -->
  <testcase classname="com.qa.listeners_extentreports.base.BaseTest" name="@AfterTest tearDown" time="0.0">
    <ignored/>
  </testcase> <!-- @AfterTest tearDown -->
  <testcase classname="com.qa.listeners_extentreports.base.BaseTest" name="@AfterTest tearDown" time="0.0">
    <ignored/>
  </testcase> <!-- @AfterTest tearDown -->
  <testcase classname="com.qa.listeners_extentreports.base.BaseTest" name="@AfterTest tearDown" time="0.0">
    <ignored/>
  </testcase> <!-- @AfterTest tearDown -->
</testsuite> <!-- Test -->
