<?xml version="1.0" encoding="UTF-8"?>
<testsuite xmlns:xsi="http://www.w3.org/2001/XMLSchema-instance" xsi:noNamespaceSchemaLocation="https://maven.apache.org/surefire/maven-surefire-plugin/xsd/surefire-test-report.xsd" name="TestSuite" time="17.055" tests="5" errors="0" skipped="0" failures="4">
  <properties>
[...]
</properties>
  <testcase name="selectUI" classname="com.qa.listeners_extentreports.tests.SelectPage_Test" time="0.019">
    <failure message="Cannot invoke &quot;com.qa.listeners_extentreports.pages.SelectPage.selectUI()&quot; because &quot;this.uiPage3&quot; is null" type="java.lang.NullPointerException">java.lang.NullPointerException: Cannot invoke "com.qa.listeners_extentreports.pages.SelectPage.selectUI()" because "this.uiPage3" is null
	at com.qa.listeners_extentreports.tests.SelectPage_Test.selectUI(SelectPage_Test.java:32)
</failure>
    <system-out><![CDATA[[TestNGContentHandler] [WARN] It is strongly recommended to add "<!DOCTYPE suite SYSTEM "http://testng.org/testng-1.0.dtd" >" at the top of your file, otherwise TestNG may fail or not work as expected.
Test Suite started!
[INFO ] 2021-06-09 22:56:57.222 [main] BaseTest - ******before test annotation triggered******
[INFO ] 2021-06-09 22:56:57.230 [main] ConfigReader - ******browser read properties file******
[INFO ] 2021-06-09 22:56:57.230 [main] DriverFactory - application map with browser name is : chrome
[INFO ] 2021-06-09 22:56:57.231 [main] DriverFactory - ******chrome browser triggered successfully******
[INFO ] 2021-06-09 22:56:59.556 [main] DriverFactory - ******chrome browser successfully launched******
[INFO ] 2021-06-09 22:57:01.273 [main] DriverFactory - ******chrome browser window successfully maximized******
[INFO ] 2021-06-09 22:57:01.281 [main] BaseTest - ******successfully browser read properties files******
[INFO ] 2021-06-09 22:57:07.131 [main] BaseTest - ******application url triggered******
[INFO ] 2021-06-09 22:57:07.275 [main] BaseTest - ******before test annotation finished******
selectUI started!
[INFO ] 2021-06-09 22:57:07.310 [main] SelectPage_Test - *****selectTest is started******
]]></system-out>
    <system-err><![CDATA[SLF4J: Failed to load class "org.slf4j.impl.StaticLoggerBinder".
SLF4J: Defaulting to no-operation (NOP) logger implementation
SLF4J: See http://www.slf4j.org/codes.html#StaticLoggerBinder for further details.
Starting ChromeDriver 91.0.4472.19 (1bf021f248676a0b2ab3ee0561d83a59e424c23e-refs/branch-heads/4472@{#288}) on port 12462
Only local connections are allowed.
Please see https://chromedriver.chromium.org/security-considerations for suggestions on keeping ChromeDriver safe.
ChromeDriver was started successfully.
Jun 09, 2021 10:56:59 PM org.openqa.selenium.remote.ProtocolHandshake createSession
INFO: Detected dialect: W3C
]]></system-err>
  </testcase>
  <testcase name="loginTest" classname="com.qa.listeners_extentreports.tests.LoginPage_Test" time="1.855"/>
  <testcase name="homePageTest" classname="com.qa.listeners_extentreports.tests.HomePage_Test" time="0.001">
    <failure message="Cannot invoke &quot;com.qa.listeners_extentreports.pages.HomePage.doPractice()&quot; because &quot;this.homePage&quot; is null" type="java.lang.NullPointerException">java.lang.NullPointerException: Cannot invoke "com.qa.listeners_extentreports.pages.HomePage.doPractice()" because "this.homePage" is null
	at com.qa.listeners_extentreports.tests.HomePage_Test.homePageTest(HomePage_Test.java:27)
</failure>
    <system-out><![CDATA[loginTest passed!
homePageTest started!
[INFO ] 2021-06-09 22:57:09.840 [main] LoginPage_Test - *****loginTest is started******
]]></system-out>
  </testcase>
  <testcase name="inputTest" classname="com.qa.listeners_extentreports.tests.InputPage_Test" time="0.002">
    <failure message="Cannot invoke &quot;com.qa.listeners_extentreports.pages.InputPage.inputUI()&quot; because &quot;this.uiPage&quot; is null" type="java.lang.NullPointerException">java.lang.NullPointerException: Cannot invoke "com.qa.listeners_extentreports.pages.InputPage.inputUI()" because "this.uiPage" is null
	at com.qa.listeners_extentreports.tests.InputPage_Test.inputTest(InputPage_Test.java:29)
</failure>
    <system-out><![CDATA[homePageTest failed!
inputTest started!
[INFO ] 2021-06-09 22:57:10.042 [main] InputPage_Test - *****inputTest is started******
]]></system-out>
  </testcase>
  <testcase name="buttonTest" classname="com.qa.listeners_extentreports.tests.ButtonPage_Test" time="0.005">
    <failure message="Cannot invoke &quot;com.qa.listeners_extentreports.pages.ButtonPage.buttonUI()&quot; because &quot;this.uiPage2&quot; is null" type="java.lang.NullPointerException">java.lang.NullPointerException: Cannot invoke "com.qa.listeners_extentreports.pages.ButtonPage.buttonUI()" because "this.uiPage2" is null
	at com.qa.listeners_extentreports.tests.ButtonPage_Test.buttonTest(ButtonPage_Test.java:33)
</failure>
    <system-out><![CDATA[inputTest failed!
buttonTest started!
[INFO ] 2021-06-09 22:57:10.239 [main] ButtonPage_Test - *****buttonTest is started******
]]></system-out>
  </testcase>
</testsuite>